                                 Started job on |	Jan 18 12:53:47
                             Started mapping on |	Jan 18 12:53:47
                                    Finished on |	Jan 18 12:54:15
       Mapping speed, Million of reads per hour |	242.40

                          Number of input reads |	1885330
                      Average input read length |	51
                                    UNIQUE READS:
                   Uniquely mapped reads number |	1687897
                        Uniquely mapped reads % |	89.53%
                          Average mapped length |	50.74
                       Number of splices: Total |	13273
            Number of splices: Annotated (sjdb) |	12613
                       Number of splices: GT/AG |	13171
                       Number of splices: GC/AG |	25
                       Number of splices: AT/AC |	1
               Number of splices: Non-canonical |	76
                      Mismatch rate per base, % |	0.37%
                         Deletion rate per base |	0.00%
                        Deletion average length |	1.39
                        Insertion rate per base |	0.00%
                       Insertion average length |	1.05
                             MULTI-MAPPING READS:
        Number of reads mapped to multiple loci |	143161
             % of reads mapped to multiple loci |	7.59%
        Number of reads mapped to too many loci |	14069
             % of reads mapped to too many loci |	0.75%
                                  UNMAPPED READS:
  Number of reads unmapped: too many mismatches |	0
       % of reads unmapped: too many mismatches |	0.00%
            Number of reads unmapped: too short |	39721
                 % of reads unmapped: too short |	2.11%
                Number of reads unmapped: other |	482
                     % of reads unmapped: other |	0.03%
                                  CHIMERIC READS:
                       Number of chimeric reads |	0
                            % of chimeric reads |	0.00%
