                                 Started job on |	Jan 18 12:54:43
                             Started mapping on |	Jan 18 12:54:43
                                    Finished on |	Jan 18 12:55:09
       Mapping speed, Million of reads per hour |	256.57

                          Number of input reads |	1853031
                      Average input read length |	51
                                    UNIQUE READS:
                   Uniquely mapped reads number |	1659375
                        Uniquely mapped reads % |	89.55%
                          Average mapped length |	50.70
                       Number of splices: Total |	13368
            Number of splices: Annotated (sjdb) |	12669
                       Number of splices: GT/AG |	13243
                       Number of splices: GC/AG |	28
                       Number of splices: AT/AC |	2
               Number of splices: Non-canonical |	95
                      Mismatch rate per base, % |	0.34%
                         Deletion rate per base |	0.00%
                        Deletion average length |	1.33
                        Insertion rate per base |	0.00%
                       Insertion average length |	1.04
                             MULTI-MAPPING READS:
        Number of reads mapped to multiple loci |	140933
             % of reads mapped to multiple loci |	7.61%
        Number of reads mapped to too many loci |	13730
             % of reads mapped to too many loci |	0.74%
                                  UNMAPPED READS:
  Number of reads unmapped: too many mismatches |	0
       % of reads unmapped: too many mismatches |	0.00%
            Number of reads unmapped: too short |	38471
                 % of reads unmapped: too short |	2.08%
                Number of reads unmapped: other |	522
                     % of reads unmapped: other |	0.03%
                                  CHIMERIC READS:
                       Number of chimeric reads |	0
                            % of chimeric reads |	0.00%
