                                 Started job on |	Jan 18 12:53:27
                             Started mapping on |	Jan 18 12:53:27
                                    Finished on |	Jan 18 12:53:47
       Mapping speed, Million of reads per hour |	196.78

                          Number of input reads |	1093200
                      Average input read length |	51
                                    UNIQUE READS:
                   Uniquely mapped reads number |	936594
                        Uniquely mapped reads % |	85.67%
                          Average mapped length |	50.73
                       Number of splices: Total |	7948
            Number of splices: Annotated (sjdb) |	7546
                       Number of splices: GT/AG |	7862
                       Number of splices: GC/AG |	9
                       Number of splices: AT/AC |	3
               Number of splices: Non-canonical |	74
                      Mismatch rate per base, % |	0.32%
                         Deletion rate per base |	0.00%
                        Deletion average length |	1.36
                        Insertion rate per base |	0.00%
                       Insertion average length |	1.05
                             MULTI-MAPPING READS:
        Number of reads mapped to multiple loci |	112020
             % of reads mapped to multiple loci |	10.25%
        Number of reads mapped to too many loci |	12405
             % of reads mapped to too many loci |	1.13%
                                  UNMAPPED READS:
  Number of reads unmapped: too many mismatches |	0
       % of reads unmapped: too many mismatches |	0.00%
            Number of reads unmapped: too short |	31786
                 % of reads unmapped: too short |	2.91%
                Number of reads unmapped: other |	395
                     % of reads unmapped: other |	0.04%
                                  CHIMERIC READS:
                       Number of chimeric reads |	0
                            % of chimeric reads |	0.00%
