                                 Started job on |	Jan 18 12:52:53
                             Started mapping on |	Jan 18 12:52:53
                                    Finished on |	Jan 18 12:53:09
       Mapping speed, Million of reads per hour |	190.36

                          Number of input reads |	846040
                      Average input read length |	51
                                    UNIQUE READS:
                   Uniquely mapped reads number |	725612
                        Uniquely mapped reads % |	85.77%
                          Average mapped length |	50.71
                       Number of splices: Total |	6014
            Number of splices: Annotated (sjdb) |	5720
                       Number of splices: GT/AG |	5958
                       Number of splices: GC/AG |	5
                       Number of splices: AT/AC |	1
               Number of splices: Non-canonical |	50
                      Mismatch rate per base, % |	0.36%
                         Deletion rate per base |	0.00%
                        Deletion average length |	1.37
                        Insertion rate per base |	0.00%
                       Insertion average length |	1.04
                             MULTI-MAPPING READS:
        Number of reads mapped to multiple loci |	86118
             % of reads mapped to multiple loci |	10.18%
        Number of reads mapped to too many loci |	9571
             % of reads mapped to too many loci |	1.13%
                                  UNMAPPED READS:
  Number of reads unmapped: too many mismatches |	0
       % of reads unmapped: too many mismatches |	0.00%
            Number of reads unmapped: too short |	24430
                 % of reads unmapped: too short |	2.89%
                Number of reads unmapped: other |	309
                     % of reads unmapped: other |	0.04%
                                  CHIMERIC READS:
                       Number of chimeric reads |	0
                            % of chimeric reads |	0.00%
